[19:27:47] [main/INFO] (FabricLoader) Loading for game Minecraft 1.16.1
[19:27:47] [main/INFO] (Fabric|Loader) [FabricLoader] Loading 39 mods: minecraft@1.16.1, fabric-networking-blockentity-v0@0.2.5+b50ffc7b7c, fabric-screen-handler-api-v1@1.0.1+f362c86e7c, fabric-renderer-api-v1@0.2.13+eae12eb87c, fabric-keybindings-v0@0.2.0+3fa9f7c57c, fabric-command-api-v1@1.0.8+5ce533987c, fabricloader@0.8.8+build.202, fabric-tool-attribute-api-v1@1.1.4+5794386e7c, fabric-renderer-indigo@0.3.1+059ea8667c, fabric-containers-v0@0.1.8+045df74f7c, fabric-dimensions-v1@1.0.0+a71b30537c, fabric-object-builder-api-v1@1.5.5+e00ecb5f7c, publishoverhaul@${version}, fabric-biomes-v1@0.2.7+059ea8667c, fabric-events-interaction-v0@0.3.3+7066030f7c, fabric-crash-report-info-v1@0.1.2+b7f9825d7c, fabric-api-base@0.1.3+12a8474c7c, fabric-rendering-v0@1.1.0+534104907c, fabric-rendering-v1@1.1.2+346247d77c, fabric-key-binding-api-v1@1.0.0+e16a97747c, fabric-rendering-data-attachment-v1@0.1.3+b7f9825d7c, fabric-resource-loader-v0@0.2.5+059ea8667c, fabric-textures-v0@1.0.4+eae12eb87c, fabric-content-registries-v0@0.1.9+059ea8667c, fabric-tag-extensions-v0@0.2.5+5a6e8f4c7c, fabric-rendering-fluids-v1@0.1.7+12a8474c7c, fabric-registry-sync-v0@0.3.8+7dba2d6c7c, fabric-commands-v0@0.2.0+52d308367c, fabric-blockrenderlayer-v1@1.1.4+c6a8ea897c, fabric-mining-levels-v0@0.1.2+b764ce997c, fabric-renderer-registries-v1@2.0.1+5a0f9a607c, fabric-events-lifecycle-v0@0.1.3+0d474ec47c, fabric-loot-tables-v1@0.1.10+059ea8667c, fabric@0.13.1+build.370-1.16, fabric-item-groups-v0@0.2.0+438f96367c, fabric-particles-v1@0.2.1+0a6f2a707c, fabric-models-v0@0.1.0+dfdb52d67c, fabric-networking-v0@0.1.10+e00ecb5f7c, fabric-object-builders-v0@0.6.0+da175ad67c
[19:27:47] [main/WARN] (Fabric|Loader) Mod `publishoverhaul` (${version}) does not respect SemVer - comparison support is limited.
[19:27:47] [main/INFO] (mixin) SpongePowered MIXIN Subsystem Version=0.8 Source=file:/C:/Users/aks23/.gradle/caches/modules-2/files-2.1/net.fabricmc/sponge-mixin/0.8+build.18/af077ad2845a00cde186fa2c99c4dd32bd2a2766/sponge-mixin-0.8+build.18.jar Service=Knot/Fabric Env=CLIENT
[19:27:48] [main/INFO] (Fabric|MixinBootstrap) Loaded Fabric development mappings for mixin remapper!
[19:27:48] [main/INFO] (mixin) Remapping refMap fabric-networking-v0-refmap.json using remapper chain
[19:27:48] [main/INFO] (mixin) Remapping refMap fabric-networking-blockentity-v0-refmap.json using remapper chain
[19:27:48] [main/INFO] (mixin) Remapping refMap fabric-biomes-v1-refmap.json using remapper chain
[19:27:48] [main/INFO] (mixin) Remapping refMap fabric-screen-handler-api-v1-refmap.json using remapper chain
[19:27:48] [main/INFO] (mixin) Remapping refMap fabric-containers-v0-refmap.json using remapper chain
[19:27:48] [main/INFO] (mixin) Remapping refMap fabric-renderer-indigo-refmap.json using remapper chain
[19:27:48] [main/INFO] (mixin) Remapping refMap fabric-rendering-data-attachment-v1-refmap.json using remapper chain
[19:27:48] [main/INFO] (mixin) Remapping refMap fabric-events-interaction-v0-refmap.json using remapper chain
[19:27:48] [main/INFO] (mixin) Remapping refMap fabric-loot-tables-v1-refmap.json using remapper chain
[19:27:48] [main/INFO] (mixin) Remapping refMap fabric-object-builder-api-v1-refmap.json using remapper chain
[19:27:48] [main/INFO] (mixin) Remapping refMap fabric-dimensions-v1-refmap.json using remapper chain
[19:27:48] [main/INFO] (mixin) Remapping refMap fabric-renderer-registries-v1-refmap.json using remapper chain
[19:27:48] [main/INFO] (mixin) Remapping refMap fabric-textures-v0-refmap.json using remapper chain
[19:27:48] [main/INFO] (mixin) Remapping refMap fabric-registry-sync-v0-refmap.json using remapper chain
[19:27:48] [main/INFO] (mixin) Remapping refMap fabric-models-v0-refmap.json using remapper chain
[19:27:48] [main/INFO] (mixin) Remapping refMap fabric-blockrenderlayer-v1-refmap.json using remapper chain
[19:27:48] [main/INFO] (mixin) Remapping refMap fabric-renderer-api-v1-refmap.json using remapper chain
[19:27:48] [main/INFO] (mixin) Remapping refMap fabric-containers-v0-refmap.json using remapper chain
[19:27:48] [main/INFO] (mixin) Remapping refMap fabric-events-lifecycle-v0-refmap.json using remapper chain
[19:27:48] [main/INFO] (mixin) Remapping refMap fabric-rendering-fluids-v1-refmap.json using remapper chain
[19:27:48] [main/INFO] (mixin) Remapping refMap fabric-resource-loader-v0-refmap.json using remapper chain
[19:27:48] [main/INFO] (mixin) Remapping refMap fabric-particles-v1-refmap.json using remapper chain
[19:27:48] [main/INFO] (mixin) Remapping refMap fabric-object-builders-refmap.json using remapper chain
[19:27:48] [main/INFO] (mixin) Remapping refMap fabric-tag-extensions-v0-refmap.json using remapper chain
[19:27:48] [main/INFO] (mixin) Remapping refMap fabric-tool-attribute-api-v1-refmap.json using remapper chain
[19:27:48] [main/INFO] (mixin) Remapping refMap fabric-rendering-v1-refmap.json using remapper chain
[19:27:48] [main/INFO] (mixin) Remapping refMap fabric-item-groups-v0-refmap.json using remapper chain
[19:27:48] [main/INFO] (mixin) Remapping refMap fabric-content-registries-v0-refmap.json using remapper chain
[19:27:48] [main/INFO] (mixin) Remapping refMap fabric-command-api-v1-refmap.json using remapper chain
[19:27:48] [main/INFO] (mixin) Remapping refMap fabric-crash-report-info-v1-refmap.json using remapper chain
[19:27:48] [main/INFO] (mixin) Remapping refMap fabric-key-binding-api-v1-refmap.json using remapper chain
[19:27:48] [main/INFO] (mixin) Remapping refMap fabric-renderer-api-v1-refmap.json using remapper chain
[19:27:48] [main/WARN] (mixin) @Mixin target net/minecraft/server/world/ThreadedAnvilChunkStorage$EntityTracker is public in fabric-networking-v0.mixins.json:MixinEntityTracker and should be specified in value
[19:27:48] [main/WARN] (mixin) @Mixin target net/minecraft/client/render/block/BlockModelRenderer$AmbientOcclusionCalculator is public in fabric-renderer-indigo.mixins.json:MixinAmbientOcclusionCalculator and should be specified in value
[19:27:48] [main/WARN] (mixin) @Mixin target net/minecraft/client/render/chunk/ChunkBuilder$BuiltChunk$RebuildTask is public in fabric-renderer-indigo.mixins.json:MixinChunkRebuildTask and should be specified in value
[19:27:48] [main/WARN] (mixin) @Mixin target net/minecraft/client/particle/ParticleManager$SimpleSpriteProvider is public in fabric-particles-v1.mixins.json:ParticleManagerAccessor$SimpleSpriteProviderAccessor and should be specified in value
[19:27:48] [main/WARN] (mixin) @Mixin target net/minecraft/tag/Tag$1 is public in fabric-tag-extensions-v0.mixins.json:MixinTagImpl and should be specified in value
[19:27:48] [main/WARN] (mixin) @Mixin target net/minecraft/tag/GlobalTagAccessor$CachedTag is public in fabric-tag-extensions-v0.mixins.json:MixinTagImpl and should be specified in value
[19:27:48] [main/WARN] (mixin) @Mixin target net/minecraft/tag/SetTag is public in fabric-tag-extensions-v0.mixins.json:MixinTagImpl and should be specified in value
[19:27:56] [main/INFO] (Minecraft) Environment: authHost='https://authserver.mojang.com', accountsHost='https://api.mojang.com', sessionHost='https://sessionserver.mojang.com', name='PROD'
[19:27:56] [main/INFO] (Minecraft) Setting user: Player950
[19:27:56] [main/INFO] (Minecraft) [STDOUT]: Publish Overhaul Initialized!
[19:27:56] [main/INFO] (Indigo) [Indigo] Registering Indigo renderer!
[19:27:56] [main/INFO] (Minecraft) Backend library: LWJGL version 3.2.2 build 10
[19:27:59] [main/INFO] (Minecraft) Narrator library for x64 successfully loaded
[19:28:00] [main/INFO] (Minecraft) Reloading ResourceManager: Default, Fabric Networking Block Entity (v0), Fabric Screen Handler API (v1), Fabric Renderer API (v1), Fabric Key Bindings (v0), Fabric Tool Attribute API (v1), Fabric Renderer - Indigo, Fabric Containers (v0), Fabric Object Builder API (v1), Publish Overhaul, Fabric Biomes (v1), Fabric Events Interaction (v0), Fabric Crash Report Info (v1), Fabric API Base, Fabric Rendering (v0), Fabric Rendering (v1), Fabric Key Binding API (v1), Fabric Rendering Data Attachment (v1), Fabric Resource Loader (v0), Fabric Textures (v0), Fabric Content Registries (v0), Fabric Tag Extensions (v0), Fabric Rendering Fluids (v1), Fabric Registry Sync (v0), Fabric BlockRenderLayer Registration (v1), Fabric Mining Levels (v0), Fabric Renderer Registries (v1), Fabric Events Lifecycle (v0), Fabric Loot Tables (v1), Fabric API, Fabric Item Groups (v0), Fabric Models (v0), Fabric Networking (v0), Fabric Object Builders (v0)
[19:28:02] [Realms Notification Availability checker #1/INFO] (Minecraft) Could not authorize you against Realms server: Invalid session id
[19:28:13] [main/INFO] (Minecraft) OpenAL initialized.
[19:28:13] [main/INFO] (Minecraft) Sound engine started
[19:28:14] [main/INFO] (Minecraft) Created: 1024x1024x4 minecraft:textures/atlas/blocks.png-atlas
[19:28:14] [main/INFO] (Minecraft) Created: 256x128x4 minecraft:textures/atlas/signs.png-atlas
[19:28:14] [main/INFO] (Minecraft) Created: 1024x512x4 minecraft:textures/atlas/banner_patterns.png-atlas
[19:28:14] [main/INFO] (Minecraft) Created: 1024x512x4 minecraft:textures/atlas/shield_patterns.png-atlas
[19:28:14] [main/INFO] (Minecraft) Created: 256x256x4 minecraft:textures/atlas/chest.png-atlas
[19:28:14] [main/INFO] (Minecraft) Created: 512x256x4 minecraft:textures/atlas/beds.png-atlas
[19:28:14] [main/INFO] (Minecraft) Created: 512x256x4 minecraft:textures/atlas/shulker_boxes.png-atlas
[19:28:15] [main/INFO] (Minecraft) Created: 256x256x0 minecraft:textures/atlas/particles.png-atlas
[19:28:15] [main/INFO] (Minecraft) Created: 256x256x0 minecraft:textures/atlas/paintings.png-atlas
[19:28:15] [main/INFO] (Minecraft) Created: 256x128x0 minecraft:textures/atlas/mob_effects.png-atlas
[19:28:25] [main/WARN] (Minecraft) Ambiguity between arguments [teleport, destination] and [teleport, targets] with inputs: [Player, 0123, @e, dd12be42-52a9-4a91-a8a1-11c01849e498]
[19:28:25] [main/WARN] (Minecraft) Ambiguity between arguments [teleport, location] and [teleport, destination] with inputs: [0.1 -0.5 .9, 0 0 0]
[19:28:25] [main/WARN] (Minecraft) Ambiguity between arguments [teleport, location] and [teleport, targets] with inputs: [0.1 -0.5 .9, 0 0 0]
[19:28:25] [main/WARN] (Minecraft) Ambiguity between arguments [teleport, targets] and [teleport, destination] with inputs: [Player, 0123, dd12be42-52a9-4a91-a8a1-11c01849e498]
[19:28:25] [main/WARN] (Minecraft) Ambiguity between arguments [teleport, targets, location] and [teleport, targets, destination] with inputs: [0.1 -0.5 .9, 0 0 0]
[19:28:25] [main/INFO] (Minecraft) Reloading ResourceManager: Default, Fabric Networking Block Entity (v0), Fabric Screen Handler API (v1), Fabric Renderer API (v1), Fabric Key Bindings (v0), Fabric Tool Attribute API (v1), Fabric Renderer - Indigo, Fabric Containers (v0), Fabric Object Builder API (v1), Publish Overhaul, Fabric Biomes (v1), Fabric Events Interaction (v0), Fabric Crash Report Info (v1), Fabric API Base, Fabric Rendering (v0), Fabric Rendering (v1), Fabric Key Binding API (v1), Fabric Rendering Data Attachment (v1), Fabric Resource Loader (v0), Fabric Textures (v0), Fabric Content Registries (v0), Fabric Tag Extensions (v0), Fabric Rendering Fluids (v1), Fabric Registry Sync (v0), Fabric BlockRenderLayer Registration (v1), Fabric Mining Levels (v0), Fabric Renderer Registries (v1), Fabric Events Lifecycle (v0), Fabric Loot Tables (v1), Fabric API, Fabric Item Groups (v0), Fabric Models (v0), Fabric Networking (v0), Fabric Object Builders (v0), Fabric Tool Attribute API (v1)
[19:28:27] [main/INFO] (Minecraft) Loaded 7 recipes
[19:28:28] [main/INFO] (Minecraft) Loaded 927 advancements
[19:28:29] [main/INFO] (Minecraft) Environment: authHost='https://authserver.mojang.com', accountsHost='https://api.mojang.com', sessionHost='https://sessionserver.mojang.com', name='PROD'
[19:28:29] [Server thread/INFO] (Minecraft) Starting integrated minecraft server version 1.16.1
[19:28:29] [Server thread/INFO] (Minecraft) Generating keypair
[19:28:30] [Server thread/INFO] (Minecraft) Preparing start region for dimension minecraft:overworld
[19:28:32] [main/INFO] (Minecraft) Preparing spawn area: 0%
[19:28:32] [main/INFO] (Minecraft) Preparing spawn area: 0%
[19:28:32] [main/INFO] (Minecraft) Preparing spawn area: 0%
[19:28:32] [main/INFO] (Minecraft) Preparing spawn area: 0%
[19:28:32] [main/INFO] (Minecraft) Preparing spawn area: 0%
[19:28:33] [main/INFO] (Minecraft) Preparing spawn area: 0%
[19:28:33] [main/INFO] (Minecraft) Preparing spawn area: 0%
[19:28:33] [main/INFO] (Minecraft) Preparing spawn area: 48%
[19:28:36] [main/INFO] (Minecraft) Preparing spawn area: 83%
[19:28:36] [main/INFO] (Minecraft) Preparing spawn area: 83%
[19:28:36] [main/INFO] (Minecraft) Preparing spawn area: 83%
[19:28:36] [main/INFO] (Minecraft) Preparing spawn area: 83%
[19:28:36] [main/INFO] (Minecraft) Preparing spawn area: 98%
[19:28:36] [main/INFO] (Minecraft) Time elapsed: 6496 ms
[19:28:37] [Server thread/INFO] (Minecraft) Changing view distance to 11, from 10
[19:28:38] [Server thread/INFO] (Minecraft) Player950[local:E:101828f6] logged in with entity id 202 at (89.01855809343589, 63.0, 24.922561891931938)
[19:28:38] [Server thread/INFO] (Minecraft) Player950 joined the game
[19:28:38] [Server thread/INFO] (Minecraft) Saving and pausing game...
[19:28:38] [Server thread/INFO] (Minecraft) Saving chunks for level 'ServerLevel[New World]'/minecraft:overworld
[19:28:38] [main/INFO] (Minecraft) Loaded 0 advancements
[19:28:39] [Server thread/INFO] (Minecraft) Saving chunks for level 'ServerLevel[New World]'/minecraft:the_nether
[19:28:39] [Server thread/INFO] (Minecraft) Saving chunks for level 'ServerLevel[New World]'/minecraft:the_end
[19:28:48] [main/INFO] (Minecraft) [CHAT] Expected integer
[19:28:48] [main/INFO] (Minecraft) [CHAT] /open asdf<--[HERE]
[19:28:58] [Server thread/INFO] (Minecraft) Using default channel type
[19:28:58] [Server thread/INFO] (Minecraft) Started serving on 0
[19:28:58] [Server thread/INFO] (Minecraft) [Player950: Multiplayer game is now hosted on port 0]
[19:28:58] [main/INFO] (Minecraft) [CHAT] Multiplayer game is now hosted on port 0
[19:29:02] [main/INFO] (Minecraft) [CHAT] Integer must not be less than 0, found -23
[19:29:02] [main/INFO] (Minecraft) [CHAT] /open -23<--[HERE]
[19:29:13] [main/INFO] (Minecraft) [CHAT] Multiplayer game is already hosted on port 0
[19:29:18] [main/INFO] (Minecraft) [CHAT] Multiplayer game is already hosted on port 0
[19:29:20] [Server thread/INFO] (Minecraft) Player950 lost connection: Internal Exception: java.nio.channels.ClosedChannelException
[19:29:20] [Server thread/INFO] (Minecraft) Player950 left the game
[19:29:20] [Server thread/INFO] (Minecraft) Stopping singleplayer server as player logged out
[19:29:20] [Server thread/INFO] (Minecraft) Stopping server
[19:29:20] [Server thread/INFO] (Minecraft) Saving players
[19:29:20] [Server thread/INFO] (Minecraft) Saving worlds
[19:29:20] [Server thread/INFO] (Minecraft) Saving chunks for level 'ServerLevel[New World]'/minecraft:overworld
[19:29:20] [Server thread/INFO] (Minecraft) ThreadedAnvilChunkStorage (New World (1)): All chunks are saved
[19:29:20] [Server thread/INFO] (Minecraft) Saving chunks for level 'ServerLevel[New World]'/minecraft:the_nether
[19:29:20] [Server thread/INFO] (Minecraft) ThreadedAnvilChunkStorage (DIM-1): All chunks are saved
[19:29:20] [Server thread/INFO] (Minecraft) Saving chunks for level 'ServerLevel[New World]'/minecraft:the_end
[19:29:20] [Server thread/INFO] (Minecraft) ThreadedAnvilChunkStorage (DIM1): All chunks are saved
[19:29:21] [Server thread/INFO] (Minecraft) ThreadedAnvilChunkStorage (New World (1)): All chunks are saved
[19:29:21] [Server thread/INFO] (Minecraft) ThreadedAnvilChunkStorage (DIM-1): All chunks are saved
[19:29:21] [Server thread/INFO] (Minecraft) ThreadedAnvilChunkStorage (DIM1): All chunks are saved
[19:33:58] [main/INFO] (Minecraft) Stopping!
